<?xml version='1.0' encoding='UTF-8'?>
<testsuite hostname="ASGLH-WL-19975" name="com.adthena.shoppingbasket.domain.BasketBuilderSpec" tests="5" errors="0" failures="0" skipped="0" time="0.056" timestamp="2020-12-06T23:34:07">
                     <properties>
      <property name="jline.esc.timeout" value="0"/><property name="java.runtime.name" value="Java(TM) SE Runtime Environment"/><property name="sun.boot.library.path" value="C:\Program Files\Java\jdk1.8.0_191\jre\bin"/><property name="java.vm.version" value="25.191-b12"/><property name="java.vm.vendor" value="Oracle Corporation"/><property name="java.vendor.url" value="http://java.oracle.com/"/><property name="path.separator" value=";"/><property name="jna.loaded" value="true"/><property name="java.vm.name" value="Java HotSpot(TM) 64-Bit Server VM"/><property name="file.encoding.pkg" value="sun.io"/><property name="user.country" value="GB"/><property name="user.script" value=""/><property name="sun.java.launcher" value="SUN_STANDARD"/><property name="sun.os.patch.level" value=""/><property name="jna.nosys" value="true"/><property name="java.vm.specification.name" value="Java Virtual Machine Specification"/><property name="user.dir" value="C:\shoppingcart\ShoppingBasket-Adthena"/><property name="java.runtime.version" value="1.8.0_191-b12"/><property name="java.awt.graphicsenv" value="sun.awt.Win32GraphicsEnvironment"/><property name="idea.managed" value="true"/><property name="java.endorsed.dirs" value="C:\Program Files\Java\jdk1.8.0_191\jre\lib\endorsed"/><property name="os.arch" value="amd64"/><property name="java.io.tmpdir" value="C:\Users\SANJAY~1.VIV\AppData\Local\Temp\"/><property name="line.separator" value="
"/><property name="java.vm.specification.vendor" value="Oracle Corporation"/><property name="log4j.ignoreTCL" value="true"/><property name="user.variant" value=""/><property name="os.name" value="Windows 10"/><property name="sbt.log.noformat" value="true"/><property name="sun.jnu.encoding" value="Cp1252"/><property name="jnidispatch.path" value="C:\Users\SANJAY~1.VIV\AppData\Local\Temp\jna--631709638\jna6169909465915845300.dll"/><property name="java.library.path" value="C:\Program Files\Java\jdk1.8.0_191\bin;C:\WINDOWS\Sun\Java\bin;C:\WINDOWS\system32;C:\WINDOWS;C:\Java\jdk1.8.0_191\bin;C:\Program Files (x86)\Microsoft SDKs\Azure\CLI2\wbin;C:\WINDOWS\system32;C:\WINDOWS;C:\WINDOWS\System32\Wbem;C:\WINDOWS\System32\WindowsPowerShell\v1.0\;C:\Windows\CCM;C:\Program Files\PuTTY\;C:\Program Files\Git\cmd;C:\Program Files\Java\jdk1.8.0_191\bin;C:\BigData\scala\bin;C:\BigData\hadoop\bin;C:\BigData\spark\bin;C:\WINDOWS\System32\OpenSSH\;C:\BigData\sbt\bin;C:\Devops\Terraform\bin;C:\Program Files\nodejs\;C:\Program Files\Git\bin;;C:\ProgramData\chocolatey\bin;C:\Program Files (x86)\Symantec\VIP Access Client\;C:\Program Files\Amazon\AWSCLIV2\;C:\Program Files\Docker\Docker\resources\bin;C:\ProgramData\DockerDesktop\version-bin;C:\Users\Sanjay.Vivekanandan\AppData\Local\Microsoft\WindowsApps;C:\Users\Sanjay.Vivekanandan\AppData\Local\Programs\Azure Data Studio\bin;C:\Users\Sanjay.Vivekanandan\AppData\Local\GitHubDesktop\bin;C:\Users\Sanjay.Vivekanandan\AppData\Local\Microsoft\WindowsApps;;C:\Users\Sanjay.Vivekanandan\AppData\Roaming\npm;C:\Users\Sanjay.Vivekanandan\AppData\Local\Programs\Microsoft VS Code\bin;C:\Program Files (x86)\Nmap;."/><property name="java.specification.name" value="Java Platform API Specification"/><property name="java.class.version" value="52.0"/><property name="sun.management.compiler" value="HotSpot 64-Bit Tiered Compilers"/><property name="os.version" value="10.0"/><property name="swoval.tmpdir" value="C:\Users\Sanjay.Vivekanandan\.sbt\1.0"/><property name="user.home" value="C:\Users\Sanjay.Vivekanandan"/><property name="user.timezone" value="Europe/London"/><property name="java.awt.printerjob" value="sun.awt.windows.WPrinterJob"/><property name="file.encoding" value="UTF-8"/><property name="java.specification.version" value="1.8"/><property name="java.class.path" value="C:\Users\Sanjay.Vivekanandan\AppData\Roaming\JetBrains\IdeaIC2020.2\plugins\Scala\launcher\sbt-launch.jar"/><property name="user.name" value="Sanjay.Vivekanandan"/><property name="jline.shutdownhook" value="false"/><property name="java.vm.specification.version" value="1.8"/><property name="sun.java.command" value="C:\Users\Sanjay.Vivekanandan\AppData\Roaming\JetBrains\IdeaIC2020.2\plugins\Scala\launcher\sbt-launch.jar early(addPluginSbtFile=&quot;&quot;&quot;C:\Users\Sanjay.Vivekanandan\AppData\Local\Temp\idea2009.sbt&quot;&quot;&quot;) ; set ideaPort in Global := 22460 ; idea-shell"/><property name="java.home" value="C:\Program Files\Java\jdk1.8.0_191\jre"/><property name="sun.arch.data.model" value="64"/><property name="user.language" value="en"/><property name="java.specification.vendor" value="Oracle Corporation"/><property name="awt.toolkit" value="sun.awt.windows.WToolkit"/><property name="java.vm.info" value="mixed mode"/><property name="java.version" value="1.8.0_191"/><property name="java.ext.dirs" value="C:\Program Files\Java\jdk1.8.0_191\jre\lib\ext;C:\WINDOWS\Sun\Java\lib\ext"/><property name="sun.boot.class.path" value="C:\Program Files\Java\jdk1.8.0_191\jre\lib\resources.jar;C:\Program Files\Java\jdk1.8.0_191\jre\lib\rt.jar;C:\Program Files\Java\jdk1.8.0_191\jre\lib\sunrsasign.jar;C:\Program Files\Java\jdk1.8.0_191\jre\lib\jsse.jar;C:\Program Files\Java\jdk1.8.0_191\jre\lib\jce.jar;C:\Program Files\Java\jdk1.8.0_191\jre\lib\charsets.jar;C:\Program Files\Java\jdk1.8.0_191\jre\lib\jfr.jar;C:\Program Files\Java\jdk1.8.0_191\jre\classes"/><property name="java.vendor" value="Oracle Corporation"/><property name="sun.stderr.encoding" value="cp850"/><property name="file.separator" value="\"/><property name="java.vendor.url.bug" value="http://bugreport.sun.com/bugreport/"/><property name="sbt.supershell" value="false"/><property name="sun.io.unicode.encoding" value="UnicodeLittle"/><property name="sun.cpu.endian" value="little"/><property name="sun.stdout.encoding" value="cp850"/><property name="sun.desktop" value="windows"/><property name="sun.cpu.isalist" value="amd64"/>
    </properties>
                     <testcase classname="com.adthena.shoppingbasket.domain.BasketBuilderSpec" name="checkoutFinalTotal should return Zero when Basket is Empty" time="0.035">
                                                 
                                               </testcase><testcase classname="com.adthena.shoppingbasket.domain.BasketBuilderSpec" name="checkoutFinalTotal should correctly price 2 Apples" time="0.019">
                                                 
                                               </testcase><testcase classname="com.adthena.shoppingbasket.domain.BasketBuilderSpec" name="checkoutFinalTotal should correctly price 2 Apples, Milk" time="0.001">
                                                 
                                               </testcase><testcase classname="com.adthena.shoppingbasket.domain.BasketBuilderSpec" name="checkoutFinalTotal should correctly price 2 Apples, Soup" time="0.0">
                                                 
                                               </testcase><testcase classname="com.adthena.shoppingbasket.domain.BasketBuilderSpec" name="checkoutFinalTotal should correctly price 2 Apples, 2 Soup" time="0.001">
                                                 
                                               </testcase>
                     <system-out><![CDATA[]]></system-out>
                     <system-err><![CDATA[]]></system-err>
                   </testsuite>